<?xml version="1.0" encoding="UTF-8"?>
<testng-results skipped="0" failed="0" total="1" passed="1">
  <reporter-output>
  </reporter-output>
  <suite name="Default suite" duration-ms="11277" started-at="2018-06-24T01:38:25Z" finished-at="2018-06-24T01:38:36Z">
    <groups>
    </groups>
    <test name="Default test" duration-ms="11277" started-at="2018-06-24T01:38:25Z" finished-at="2018-06-24T01:38:36Z">
      <class name="KDF.MembershipRegistrationNonIndividual">
        <test-method status="PASS" signature="setUp()[pri:0, instance:KDF.MembershipRegistrationNonIndividual@4439f31e]" name="setUp" is-config="true" duration-ms="616" started-at="2018-06-23T18:38:25Z" finished-at="2018-06-23T18:38:26Z">
          <reporter-output>
          </reporter-output>
        </test-method> <!-- setUp -->
        <test-method status="PASS" signature="loginTest()[pri:0, instance:KDF.MembershipRegistrationNonIndividual@4439f31e]" name="loginTest" duration-ms="10649" started-at="2018-06-23T18:38:26Z" finished-at="2018-06-23T18:38:36Z">
          <reporter-output>
          </reporter-output>
        </test-method> <!-- loginTest -->
        <test-method status="PASS" signature="tearDown()[pri:0, instance:KDF.MembershipRegistrationNonIndividual@4439f31e]" name="tearDown" is-config="true" duration-ms="1" started-at="2018-06-23T18:38:36Z" finished-at="2018-06-23T18:38:36Z">
          <reporter-output>
          </reporter-output>
        </test-method> <!-- tearDown -->
      </class> <!-- KDF.MembershipRegistrationNonIndividual -->
    </test> <!-- Default test -->
  </suite> <!-- Default suite -->
</testng-results>
