<?xml version="1.0" encoding="UTF-8"?>
<testng-results skipped="0" failed="0" total="1" passed="1">
  <reporter-output>
  </reporter-output>
  <suite name="Default suite" duration-ms="11431" started-at="2018-06-22T23:55:10Z" finished-at="2018-06-22T23:55:22Z">
    <groups>
    </groups>
    <test name="Default test" duration-ms="11431" started-at="2018-06-22T23:55:10Z" finished-at="2018-06-22T23:55:22Z">
      <class name="KDF.Login">
        <test-method status="PASS" signature="setUp()[pri:0, instance:KDF.Login@32d992b2]" name="setUp" is-config="true" duration-ms="13" started-at="2018-06-22T16:55:10Z" finished-at="2018-06-22T16:55:10Z">
          <reporter-output>
          </reporter-output>
        </test-method> <!-- setUp -->
        <test-method status="PASS" signature="test()[pri:0, instance:KDF.Login@32d992b2]" name="test" duration-ms="11396" started-at="2018-06-22T16:55:10Z" finished-at="2018-06-22T16:55:22Z">
          <reporter-output>
          </reporter-output>
        </test-method> <!-- test -->
        <test-method status="PASS" signature="tearDown()[pri:0, instance:KDF.Login@32d992b2]" name="tearDown" is-config="true" duration-ms="0" started-at="2018-06-22T16:55:22Z" finished-at="2018-06-22T16:55:22Z">
          <reporter-output>
          </reporter-output>
        </test-method> <!-- tearDown -->
      </class> <!-- KDF.Login -->
    </test> <!-- Default test -->
  </suite> <!-- Default suite -->
</testng-results>
