<?xml version="1.0" encoding="UTF-8"?>
<!-- Generated by org.testng.reporters.JUnitXMLReporter -->
<testsuite hostname="Infva07207" name="Node1" tests="1" failures="1" timestamp="15 Jun 2018 18:07:32 GMT" time="6.034" errors="0">
  <testcase name="wiki" time="0.296" classname="Grid.SeGrPortTest">
    <failure type="java.lang.AssertionError" message="expected [Wikipedia] but found [Wikipedia, the free encyclopedia]">
      <![CDATA[java.lang.AssertionError: expected [Wikipedia] but found [Wikipedia, the free encyclopedia]
	at Grid.SeGrPortTest.wiki(SeGrPortTest.java:110)
... Removed 29 stack frames]]>
    </failure>
  </testcase> <!-- wiki -->
</testsuite> <!-- Node1 -->
