<?xml version="1.0" encoding="UTF-8"?>
<!-- Generated by org.testng.reporters.JUnitXMLReporter -->
<testsuite hostname="DESKTOP-BV7I7JD" name="Default test" tests="6" failures="0" timestamp="26 Jun 2018 16:39:26 GMT" time="105.953" errors="0">
  <testcase name="transactionTest" time="15.156" classname="KDF.TransactionView"/>
  <testcase name="transactionTest" time="15.785" classname="KDF.TransactionView"/>
  <testcase name="transactionTest" time="20.495" classname="KDF.TransactionView"/>
  <testcase name="transactionTest" time="16.669" classname="KDF.TransactionView"/>
  <testcase name="transactionTest" time="17.928" classname="KDF.TransactionView"/>
  <testcase name="transactionTest" time="18.406" classname="KDF.TransactionView"/>
</testsuite> <!-- Default test -->
