<?xml version="1.0" encoding="UTF-8"?>
<!-- Generated by org.testng.reporters.JUnitXMLReporter -->
<testsuite hostname="DESKTOP-BV7I7JD" name="Command line test" tests="18" failures="0" timestamp="26 Jun 2018 17:44:53 GMT" time="806.48" errors="0">
  <testcase name="loginTest" time="19.092" classname="KDF.Login"/>
  <testcase name="loginTest" time="11.376" classname="KDF.Login"/>
  <testcase name="registrationTest" time="81.433" classname="KDF.MembershipRegistrationIndividual"/>
  <testcase name="memberRegistrationNonIndividualTest" time="143.633" classname="KDF.MembershipRegistrationNonIndividual"/>
  <testcase name="modifyNonIndividualTest" time="69.017" classname="KDF.ModificationNonIndividual"/>
  <testcase name="transactionTest" time="36.224" classname="KDF.TransactionEntry"/>
  <testcase name="transactionTest" time="36.995" classname="KDF.TransactionEntry"/>
  <testcase name="transactionTest" time="23.401" classname="KDF.TransactionView"/>
  <testcase name="transactionTest" time="24.028" classname="KDF.TransactionView"/>
  <testcase name="transactionTest" time="22.568" classname="KDF.TransactionView"/>
  <testcase name="transactionTest" time="24.184" classname="KDF.TransactionView"/>
  <testcase name="transactionTest" time="17.7" classname="KDF.TransactionView"/>
  <testcase name="transactionTest" time="18.688" classname="KDF.TransactionView"/>
  <testcase name="registrationTest" time="54.685" classname="KDF.CreateFdSingle"/>
  <testcase name="registrationTest" time="58.253" classname="KDF.CreateFdSingle"/>
  <testcase name="registrationTest" time="63.834" classname="KDF.CreateFdJoint"/>
  <testcase name="registrationTest" time="51.747" classname="KDF.ViewFd"/>
  <testcase name="registrationTest" time="47.286" classname="KDF.closeFd"/>
</testsuite> <!-- Command line test -->
