<?xml version="1.0" encoding="UTF-8"?>
<testng-results skipped="0" failed="0" total="1" passed="1">
  <reporter-output>
  </reporter-output>
  <suite name="Default suite" duration-ms="6432" started-at="2018-06-21T21:09:31Z" finished-at="2018-06-21T21:09:38Z">
    <groups>
    </groups>
    <test name="Default test" duration-ms="6432" started-at="2018-06-21T21:09:31Z" finished-at="2018-06-21T21:09:38Z">
      <class name="KDF.ExcelExecutor">
        <test-method status="PASS" signature="setUp()[pri:0, instance:KDF.ExcelExecutor@6d78f375]" name="setUp" is-config="true" duration-ms="15" started-at="2018-06-21T14:09:31Z" finished-at="2018-06-21T14:09:31Z">
          <reporter-output>
          </reporter-output>
        </test-method> <!-- setUp -->
        <test-method status="PASS" signature="test()[pri:0, instance:KDF.ExcelExecutor@6d78f375]" name="test" duration-ms="6417" started-at="2018-06-21T14:09:31Z" finished-at="2018-06-21T14:09:38Z">
          <reporter-output>
          </reporter-output>
        </test-method> <!-- test -->
        <test-method status="PASS" signature="tearDown()[pri:0, instance:KDF.ExcelExecutor@6d78f375]" name="tearDown" is-config="true" duration-ms="0" started-at="2018-06-21T14:09:38Z" finished-at="2018-06-21T14:09:38Z">
          <reporter-output>
          </reporter-output>
        </test-method> <!-- tearDown -->
      </class> <!-- KDF.ExcelExecutor -->
    </test> <!-- Default test -->
  </suite> <!-- Default suite -->
</testng-results>
